2025-05-14 15:03:29,106 [INFO] Activator:176 - 


2025-05-14 15:03:29,109 [INFO] Activator:177 - !SESSION log4j initialized
2025-05-14 15:03:34,071 [INFO] LogOutputStream:77 - [STDOUT_REDIRECT] 
2025-05-14 15:03:35,959 [INFO] ApplicationProperties:184 - Using Application install path: F:\STM32CubeIDE\STM32CubeIDE_1.16.1\STM32CubeIDE\plugins\com.st.stm32cube.common.mx_6.14.1.202504091515
2025-05-14 15:03:35,999 [INFO] DbMcusXml:78 - Set database path to: F:\STM32CubeIDE\STM32CubeIDE_1.16.1\STM32CubeIDE\plugins\com.st.stm32cube.common.mx_6.14.1.202504091515\\db\/mcu/
2025-05-14 15:03:35,999 [INFO] ApiDb:274 - Set plugin database path to: F:\STM32CubeIDE\STM32CubeIDE_1.16.1\STM32CubeIDE\plugins\com.st.stm32cube.common.mx_6.14.1.202504091515\\db\/plugins/boardmanager/
2025-05-14 15:03:35,999 [WARN] ApiDb:259 - Overriding images path with different value:  => F:\STM32CubeIDE\STM32CubeIDE_1.16.1\STM32CubeIDE\plugins\com.st.stm32cube.common.mx_6.14.1.202504091515\\db\/plugins/mcufinder/images/
2025-05-14 15:03:36,007 [INFO] ApiDb:250 - Set database path to: C:\Users\dell\.stmcufinder\plugins\mcufinder//mcu/
2025-05-14 15:03:36,007 [INFO] DbMcusAds:125 - Set database path to: C:\Users\dell\.stmcufinder\plugins\mcufinder//mcu/
2025-05-14 15:03:36,009 [INFO] CrossReferenceDbSqlite:203 - Set database path to: C:\Users\dell\.stmcufinder\plugins\mcufinder//mcu/cs/
2025-05-14 15:03:36,134 [INFO] RulesReader:64 - Compatibility file has been processed (302 Rules)
2025-05-14 15:03:36,209 [INFO] DbMcusXml:78 - Set database path to: F:\STM32CubeIDE\STM32CubeIDE_1.16.1\STM32CubeIDE\plugins\com.st.stm32cube.common.mx_6.14.1.202504091515\\db\/mcu/
2025-05-14 15:03:36,209 [INFO] ApiDb:274 - Set plugin database path to: F:\STM32CubeIDE\STM32CubeIDE_1.16.1\STM32CubeIDE\plugins\com.st.stm32cube.common.mx_6.14.1.202504091515\\db\/plugins/boardmanager/
2025-05-14 15:03:36,209 [INFO] ApiDb:261 - Set plugin images path to: F:\STM32CubeIDE\STM32CubeIDE_1.16.1\STM32CubeIDE\plugins\com.st.stm32cube.common.mx_6.14.1.202504091515\\db\/plugins/mcufinder/images/
2025-05-14 15:03:36,209 [WARN] DbFile:41 - Overriding database path with different value: C:\Users\dell\.stmcufinder\plugins\mcufinder/ => C:\Users\dell\.stmcufinder\plugins\mcufinder
2025-05-14 15:03:36,209 [INFO] ApiDb:250 - Set database path to: C:\Users\dell\.stmcufinder\plugins\mcufinder//mcu/
2025-05-14 15:03:36,209 [WARN] DbFile:41 - Overriding database path with different value: C:\Users\dell\.stmcufinder\plugins\mcufinder/ => C:\Users\dell\.stmcufinder\plugins\mcufinder
2025-05-14 15:03:36,210 [INFO] DbMcusAds:125 - Set database path to: C:\Users\dell\.stmcufinder\plugins\mcufinder//mcu/
2025-05-14 15:03:36,210 [WARN] DbFile:41 - Overriding database path with different value: C:\Users\dell\.stmcufinder\plugins\mcufinder/ => C:\Users\dell\.stmcufinder\plugins\mcufinder
2025-05-14 15:03:36,210 [WARN] DbFile:41 - Overriding database path with different value: C:\Users\dell\.stmcufinder\plugins\mcufinder/ => C:\Users\dell\.stmcufinder\plugins\mcufinder
2025-05-14 15:03:36,210 [INFO] CrossReferenceDbSqlite:203 - Set database path to: C:\Users\dell\.stmcufinder\plugins\mcufinder//mcu/cs/
2025-05-14 15:03:36,282 [INFO] MainPanel:272 - HeapMemory: 268435456
2025-05-14 15:03:36,388 [INFO] DbMcusXml:78 - Set database path to: F:\STM32CubeIDE\STM32CubeIDE_1.16.1\STM32CubeIDE\plugins\com.st.stm32cube.common.mx_6.14.1.202504091515\\db\/mcu/
2025-05-14 15:03:36,388 [INFO] ApiDb:274 - Set plugin database path to: F:\STM32CubeIDE\STM32CubeIDE_1.16.1\STM32CubeIDE\plugins\com.st.stm32cube.common.mx_6.14.1.202504091515\\db\/plugins/boardmanager/
2025-05-14 15:03:36,388 [INFO] ApiDb:261 - Set plugin images path to: F:\STM32CubeIDE\STM32CubeIDE_1.16.1\STM32CubeIDE\plugins\com.st.stm32cube.common.mx_6.14.1.202504091515\\db\/plugins/mcufinder/images/
2025-05-14 15:03:36,389 [WARN] DbFile:41 - Overriding database path with different value: C:\Users\dell\.stmcufinder\plugins\mcufinder/ => C:\Users\dell\.stmcufinder\plugins\mcufinder
2025-05-14 15:03:36,389 [INFO] ApiDb:250 - Set database path to: C:\Users\dell\.stmcufinder\plugins\mcufinder//mcu/
2025-05-14 15:03:36,389 [WARN] DbFile:41 - Overriding database path with different value: C:\Users\dell\.stmcufinder\plugins\mcufinder/ => C:\Users\dell\.stmcufinder\plugins\mcufinder
2025-05-14 15:03:36,389 [INFO] DbMcusAds:125 - Set database path to: C:\Users\dell\.stmcufinder\plugins\mcufinder//mcu/
2025-05-14 15:03:36,389 [WARN] DbFile:41 - Overriding database path with different value: C:\Users\dell\.stmcufinder\plugins\mcufinder/ => C:\Users\dell\.stmcufinder\plugins\mcufinder
2025-05-14 15:03:36,389 [WARN] DbFile:41 - Overriding database path with different value: C:\Users\dell\.stmcufinder\plugins\mcufinder/ => C:\Users\dell\.stmcufinder\plugins\mcufinder
2025-05-14 15:03:36,389 [INFO] CrossReferenceDbSqlite:203 - Set database path to: C:\Users\dell\.stmcufinder\plugins\mcufinder//mcu/cs/
2025-05-14 15:03:36,408 [INFO] ApplicationProperties:184 - Using Application install path: F:\STM32CubeIDE\STM32CubeIDE_1.16.1\STM32CubeIDE\plugins\com.st.stm32cube.common.mx_6.14.1.202504091515
2025-05-14 15:03:36,410 [INFO] PluginManage:196 - Search for loadable plugins [exclusion list=, ]
2025-05-14 15:03:36,411 [INFO] PluginManage:310 - Check plugin analytics
2025-05-14 15:03:36,578 [INFO] AnalyticsPlugin:253 - Accepted Software Licenses: 
2025-05-14 15:03:36,579 [INFO] AnalyticsPlugin:255 - Accepted CMSIS Pack Licenses: 
2025-05-14 15:03:36,579 [INFO] AnalyticsPlugin:257 - Accepted Firmware Licenses: FW.F4.1.28.0
2025-05-14 15:03:36,581 [INFO] PluginManage:359 - Loaded plugin analytics (category:tool,tabindex:-1)
2025-05-14 15:03:36,582 [INFO] PluginManage:310 - Check plugin cadmodel
2025-05-14 15:03:36,591 [INFO] CADModel:105 - Init CAD model plugin
2025-05-14 15:03:36,591 [INFO] PluginManage:359 - Loaded plugin cadmodel (category:power,tabindex:5)
2025-05-14 15:03:36,592 [INFO] PluginManage:310 - Check plugin clock
2025-05-14 15:03:36,605 [INFO] PluginManage:359 - Loaded plugin clock (category:base,tabindex:2)
2025-05-14 15:03:36,606 [INFO] PluginManage:310 - Check plugin ddr
2025-05-14 15:03:36,608 [INFO] PluginManage:359 - Loaded plugin ddr (category:tool,tabindex:6)
2025-05-14 15:03:36,609 [INFO] PluginManage:310 - Check plugin filemanager
2025-05-14 15:03:36,761 [INFO] PluginManage:359 - Loaded plugin filemanager (category:base,tabindex:10)
2025-05-14 15:03:36,762 [INFO] PluginManage:310 - Check plugin ipmanager
2025-05-14 15:03:36,768 [INFO] PluginManage:359 - Loaded plugin ipmanager (category:base,tabindex:5)
2025-05-14 15:03:36,768 [INFO] PluginManage:310 - Check plugin lpbam
2025-05-14 15:03:36,924 [INFO] PluginManage:359 - Loaded plugin lpbam (category:base,tabindex:0)
2025-05-14 15:03:36,924 [INFO] PluginManage:310 - Check plugin memorymap
2025-05-14 15:03:37,075 [INFO] PluginManage:359 - Loaded plugin memorymap (category:base,tabindex:4)
2025-05-14 15:03:37,075 [INFO] PluginManage:310 - Check plugin pinoutandconfiguration
2025-05-14 15:03:37,094 [INFO] PluginManage:359 - Loaded plugin pinoutandconfiguration (category:base,tabindex:1)
2025-05-14 15:03:37,094 [INFO] PluginManage:310 - Check plugin pinoutconfig
2025-05-14 15:03:37,195 [WARN] SupportedApi:132 - Cannot load RTOS API schema: s4s-elt-must-match.1: The content of 'definitions' must match (annotation?, (simpleType | complexType)?, (unique | key | keyref)*)). A problem was found starting at: attribute.
2025-05-14 15:03:37,343 [INFO] PluginManage:359 - Loaded plugin pinoutconfig (category:base,tabindex:0)
2025-05-14 15:03:37,343 [INFO] PluginManage:310 - Check plugin power
2025-05-14 15:03:37,358 [INFO] PluginManage:359 - Loaded plugin power (category:power,tabindex:4)
2025-05-14 15:03:37,358 [INFO] PluginManage:310 - Check plugin projectmanager
2025-05-14 15:03:37,372 [INFO] PluginManage:359 - Loaded plugin projectmanager (category:projectmanager,tabindex:4)
2025-05-14 15:03:37,373 [INFO] PluginManage:310 - Check plugin rif
2025-05-14 15:03:37,385 [INFO] PluginManage:359 - Loaded plugin rif (category:base,tabindex:3)
2025-05-14 15:03:37,385 [INFO] PluginManage:310 - Check plugin thirdparty
2025-05-14 15:03:37,596 [INFO] PluginManage:359 - Loaded plugin thirdparty (category:base,tabindex:-1)
2025-05-14 15:03:37,596 [INFO] PluginManage:310 - Check plugin tools
2025-05-14 15:03:37,596 [WARN] IntegrityCheckThread:84 - waiting for thirdparty lock release [integrity check]
2025-05-14 15:03:37,597 [INFO] IntegrityCheckThread:86 - entering critical section [integrity check]
2025-05-14 15:03:37,597 [INFO] ThirdPartyUpdaterWithRetryManager:70 - Updater plugin not ready yet. [1/15]
2025-05-14 15:03:37,615 [INFO] PluginManage:359 - Loaded plugin tools (category:base,tabindex:7)
2025-05-14 15:03:37,616 [INFO] PluginManage:310 - Check plugin tutovideos
2025-05-14 15:03:37,921 [INFO] PluginManage:359 - Loaded plugin tutovideos (category:base,tabindex:-1)
2025-05-14 15:03:37,921 [INFO] PluginManage:310 - Check plugin updater
2025-05-14 15:03:37,953 [INFO] PluginManage:359 - Loaded plugin updater (category:base,tabindex:12)
2025-05-14 15:03:37,954 [INFO] PluginManage:310 - Check plugin userauth
2025-05-14 15:03:37,960 [INFO] UserAuth:118 - Init User Auth plugin
2025-05-14 15:03:37,962 [INFO] PluginManage:359 - Loaded plugin userauth (category:base,tabindex:14)
2025-05-14 15:03:37,962 [INFO] PluginManage:283 - PluginManage : Loaded plugins [18]
2025-05-14 15:03:38,242 [INFO] PinOutPanel:1589 - setPackage(No Configuration,No Configuration)
2025-05-14 15:03:38,333 [INFO] CADModel:165 - CPN selected for project level
2025-05-14 15:03:38,334 [INFO] CADModel:114 - Register for checkConnection events
2025-05-14 15:03:38,389 [INFO] IPUIPlugin:80 - create IPUIPlugin
2025-05-14 15:03:38,389 [INFO] PluginManager:220 - loadIPPluginJar : add adc
2025-05-14 15:03:38,405 [INFO] IPUIPlugin:80 - create IPUIPlugin
2025-05-14 15:03:38,405 [INFO] PluginManager:220 - loadIPPluginJar : add aes
2025-05-14 15:03:38,423 [INFO] IPUIPlugin:80 - create IPUIPlugin
2025-05-14 15:03:38,423 [INFO] PluginManager:220 - loadIPPluginJar : add can
2025-05-14 15:03:38,437 [INFO] IPUIPlugin:80 - create IPUIPlugin
2025-05-14 15:03:38,437 [INFO] PluginManager:220 - loadIPPluginJar : add comp
2025-05-14 15:03:38,454 [INFO] IPUIPlugin:80 - create IPUIPlugin
2025-05-14 15:03:38,454 [INFO] PluginManager:220 - loadIPPluginJar : add cryp
2025-05-14 15:03:38,463 [INFO] IPUIPlugin:80 - create IPUIPlugin
2025-05-14 15:03:38,463 [INFO] PluginManager:220 - loadIPPluginJar : add ddr_ctrl_phy
2025-05-14 15:03:38,481 [INFO] IPUIPlugin:80 - create IPUIPlugin
2025-05-14 15:03:38,482 [INFO] PluginManager:220 - loadIPPluginJar : add dfsdm
2025-05-14 15:03:38,527 [INFO] IPUIPlugin:80 - create IPUIPlugin
2025-05-14 15:03:38,528 [INFO] PluginManager:220 - loadIPPluginJar : add dma
2025-05-14 15:03:38,553 [INFO] IPUIPlugin:80 - create IPUIPlugin
2025-05-14 15:03:38,553 [INFO] PluginManager:220 - loadIPPluginJar : add dma3
2025-05-14 15:03:38,578 [INFO] IPUIPlugin:80 - create IPUIPlugin
2025-05-14 15:03:38,578 [INFO] PluginManager:220 - loadIPPluginJar : add extmemmanager
2025-05-14 15:03:38,593 [INFO] IPUIPlugin:80 - create IPUIPlugin
2025-05-14 15:03:38,593 [INFO] PluginManager:220 - loadIPPluginJar : add fatfs
2025-05-14 15:03:38,616 [INFO] IPUIPlugin:80 - create IPUIPlugin
2025-05-14 15:03:38,616 [INFO] PluginManager:220 - loadIPPluginJar : add fmc
2025-05-14 15:03:38,627 [INFO] IPUIPlugin:80 - create IPUIPlugin
2025-05-14 15:03:38,627 [INFO] PluginManager:220 - loadIPPluginJar : add freertos
2025-05-14 15:03:38,637 [INFO] IPUIPlugin:80 - create IPUIPlugin
2025-05-14 15:03:38,637 [INFO] PluginManager:220 - loadIPPluginJar : add genericplugin
2025-05-14 15:03:38,672 [INFO] IPUIPlugin:80 - create IPUIPlugin
2025-05-14 15:03:38,672 [INFO] PluginManager:220 - loadIPPluginJar : add gfxmmu
2025-05-14 15:03:38,725 [INFO] IPUIPlugin:80 - create IPUIPlugin
2025-05-14 15:03:38,725 [INFO] PluginManager:220 - loadIPPluginJar : add gic
2025-05-14 15:03:38,840 [INFO] IPUIPlugin:80 - create IPUIPlugin
2025-05-14 15:03:38,841 [INFO] PluginManager:220 - loadIPPluginJar : add gpio
2025-05-14 15:03:38,873 [INFO] IPUIPlugin:80 - create IPUIPlugin
2025-05-14 15:03:38,873 [INFO] PluginManager:220 - loadIPPluginJar : add gtzc
2025-05-14 15:03:38,890 [INFO] IPUIPlugin:80 - create IPUIPlugin
2025-05-14 15:03:38,890 [INFO] PluginManager:220 - loadIPPluginJar : add hash
2025-05-14 15:03:38,912 [INFO] IPUIPlugin:80 - create IPUIPlugin
2025-05-14 15:03:38,913 [INFO] PluginManager:220 - loadIPPluginJar : add i2c
2025-05-14 15:03:38,929 [INFO] IPUIPlugin:80 - create IPUIPlugin
2025-05-14 15:03:38,930 [INFO] PluginManager:220 - loadIPPluginJar : add i2s
2025-05-14 15:03:38,950 [INFO] IPUIPlugin:80 - create IPUIPlugin
2025-05-14 15:03:38,950 [INFO] PluginManager:220 - loadIPPluginJar : add i3c
2025-05-14 15:03:38,985 [INFO] IPUIPlugin:80 - create IPUIPlugin
2025-05-14 15:03:38,985 [INFO] PluginManager:220 - loadIPPluginJar : add ipddr
2025-05-14 15:03:39,030 [INFO] IPUIPlugin:80 - create IPUIPlugin
2025-05-14 15:03:39,030 [INFO] PluginManager:220 - loadIPPluginJar : add linkedlist
2025-05-14 15:03:39,055 [INFO] IPUIPlugin:80 - create IPUIPlugin
2025-05-14 15:03:39,055 [INFO] PluginManager:220 - loadIPPluginJar : add lorawan
2025-05-14 15:03:39,074 [INFO] IPUIPlugin:80 - create IPUIPlugin
2025-05-14 15:03:39,074 [INFO] PluginManager:220 - loadIPPluginJar : add ltdc
2025-05-14 15:03:39,190 [INFO] IPUIPlugin:80 - create IPUIPlugin
2025-05-14 15:03:39,190 [INFO] PluginManager:220 - loadIPPluginJar : add mdma
2025-05-14 15:03:39,280 [INFO] IPUIPlugin:80 - create IPUIPlugin
2025-05-14 15:03:39,280 [INFO] PluginManager:220 - loadIPPluginJar : add nvic
2025-05-14 15:03:39,298 [INFO] IPUIPlugin:80 - create IPUIPlugin
2025-05-14 15:03:39,298 [INFO] PluginManager:220 - loadIPPluginJar : add opamp
2025-05-14 15:03:39,325 [INFO] IPUIPlugin:80 - create IPUIPlugin
2025-05-14 15:03:39,325 [INFO] PluginManager:220 - loadIPPluginJar : add openamp
2025-05-14 15:03:39,351 [INFO] IPUIPlugin:80 - create IPUIPlugin
2025-05-14 15:03:39,351 [INFO] PluginManager:220 - loadIPPluginJar : add pdm2pcm
2025-05-14 15:03:39,464 [INFO] IPUIPlugin:80 - create IPUIPlugin
2025-05-14 15:03:39,467 [INFO] PluginManager:220 - loadIPPluginJar : add plateformsettings
2025-05-14 15:03:39,486 [INFO] IPUIPlugin:80 - create IPUIPlugin
2025-05-14 15:03:39,487 [INFO] PluginManager:220 - loadIPPluginJar : add quadspi
2025-05-14 15:03:39,508 [INFO] IPUIPlugin:80 - create IPUIPlugin
2025-05-14 15:03:39,510 [INFO] PluginManager:220 - loadIPPluginJar : add radio
2025-05-14 15:03:39,521 [INFO] IPUIPlugin:80 - create IPUIPlugin
2025-05-14 15:03:39,521 [INFO] PluginManager:220 - loadIPPluginJar : add resmgrutility
2025-05-14 15:03:39,541 [INFO] IPUIPlugin:80 - create IPUIPlugin
2025-05-14 15:03:39,542 [INFO] PluginManager:220 - loadIPPluginJar : add sai
2025-05-14 15:03:39,560 [INFO] IPUIPlugin:80 - create IPUIPlugin
2025-05-14 15:03:39,560 [INFO] PluginManager:220 - loadIPPluginJar : add spi
2025-05-14 15:03:39,594 [INFO] IPUIPlugin:80 - create IPUIPlugin
2025-05-14 15:03:39,594 [INFO] PluginManager:220 - loadIPPluginJar : add stm32_wpan
2025-05-14 15:03:39,611 [INFO] IPUIPlugin:80 - create IPUIPlugin
2025-05-14 15:03:39,612 [INFO] PluginManager:220 - loadIPPluginJar : add tim
2025-05-14 15:03:39,647 [INFO] IPUIPlugin:80 - create IPUIPlugin
2025-05-14 15:03:39,648 [INFO] PluginManager:220 - loadIPPluginJar : add touchsensing
2025-05-14 15:03:39,664 [INFO] IPUIPlugin:80 - create IPUIPlugin
2025-05-14 15:03:39,664 [INFO] PluginManager:220 - loadIPPluginJar : add tracer_emb
2025-05-14 15:03:39,677 [INFO] IPUIPlugin:80 - create IPUIPlugin
2025-05-14 15:03:39,677 [INFO] PluginManager:220 - loadIPPluginJar : add ts
2025-05-14 15:03:39,690 [INFO] IPUIPlugin:80 - create IPUIPlugin
2025-05-14 15:03:39,690 [INFO] PluginManager:220 - loadIPPluginJar : add tsc
2025-05-14 15:03:39,706 [INFO] IPUIPlugin:80 - create IPUIPlugin
2025-05-14 15:03:39,707 [INFO] PluginManager:220 - loadIPPluginJar : add ucpd
2025-05-14 15:03:39,732 [INFO] IPUIPlugin:80 - create IPUIPlugin
2025-05-14 15:03:39,732 [INFO] PluginManager:220 - loadIPPluginJar : add usart
2025-05-14 15:03:39,763 [INFO] IPUIPlugin:80 - create IPUIPlugin
2025-05-14 15:03:39,764 [INFO] PluginManager:220 - loadIPPluginJar : add usbx
2025-05-14 15:03:39,917 [FATAL] Updater:351 - Updater called before beeing initialized
2025-05-14 15:03:39,947 [INFO] RulesReader:64 - Compatibility file has been processed (302 Rules)
2025-05-14 15:03:39,961 [INFO] RulesReader:64 - Compatibility file has been processed (302 Rules)
2025-05-14 15:03:39,970 [INFO] CADModel:165 - CPN selected for project level
2025-05-14 15:03:39,970 [INFO] CADModel:114 - Register for checkConnection events
2025-05-14 15:03:39,970 [FATAL] Updater:351 - Updater called before beeing initialized
2025-05-14 15:03:39,971 [ERROR] CADModel:125 - Updater not yet initialized, retry later 
2025-05-14 15:03:40,177 [FATAL] Updater:351 - Updater called before beeing initialized
2025-05-14 15:03:40,180 [INFO] CADModel:165 - CPN selected for project level
2025-05-14 15:03:40,180 [INFO] CADModel:114 - Register for checkConnection events
2025-05-14 15:03:40,180 [FATAL] Updater:351 - Updater called before beeing initialized
2025-05-14 15:03:40,180 [ERROR] CADModel:125 - Updater not yet initialized, retry later 
2025-05-14 15:03:40,186 [FATAL] Updater:351 - Updater called before beeing initialized
2025-05-14 15:03:40,324 [FATAL] Updater:351 - Updater called before beeing initialized
2025-05-14 15:03:40,335 [INFO] DbMcusAds:53 - JSON generation date=Tue Dec 17 23:01:25 ICT 2024 (1734451285682)
2025-05-14 15:03:40,335 [FATAL] Updater:351 - Updater called before beeing initialized
2025-05-14 15:03:40,454 [WARN] DetailPanel:346 - Failed to get advertising image, set to default
2025-05-14 15:03:40,598 [INFO] ThirdPartyUpdaterWithRetryManager:70 - Updater plugin not ready yet. [2/15]
2025-05-14 15:03:40,670 [FATAL] Updater:351 - Updater called before beeing initialized
2025-05-14 15:03:40,674 [FATAL] Updater:351 - Updater called before beeing initialized
2025-05-14 15:03:40,675 [FATAL] Updater:351 - Updater called before beeing initialized
2025-05-14 15:03:40,675 [WARN] DetailPanel:346 - Failed to get advertising image, set to default
2025-05-14 15:03:40,676 [FATAL] Updater:351 - Updater called before beeing initialized
2025-05-14 15:03:40,722 [ERROR] Updater:1198 - MainUpdater not yet initialized. External WinMGr cannot be set.
2025-05-14 15:03:40,727 [INFO] Updater:1134 - Updater Version found : 6.14.1
2025-05-14 15:03:40,749 [INFO] ApplicationProperties:184 - Using Application install path: F:\STM32CubeIDE\STM32CubeIDE_1.16.1\STM32CubeIDE\plugins\com.st.stm32cube.common.mx_6.14.1.202504091515
2025-05-14 15:03:41,376 [INFO] MainUpdater:2872 - connection check result : 10
2025-05-14 15:03:41,376 [INFO] MainUpdater:3566 - Updater definition file requires update
2025-05-14 15:03:41,377 [INFO] MainUpdater:289 - Updater Check For Update Now.
2025-05-14 15:03:41,377 [INFO] MicroXplorer:498 - Change Database Version : DB.6.0.141
2025-05-14 15:03:41,386 [INFO] McuFinderGlobals:63 - Set McuFinder mode to 2 (CubeIDE integrated)
2025-05-14 15:03:41,392 [INFO] UserAuth:484 - Internet connection configuration mode: 1
2025-05-14 15:03:41,416 [INFO] JxBrowserEngine:152 - Initiate JxBrowser Engine with user profile folder
2025-05-14 15:03:41,584 [INFO] ServerAccessManage:473 - Download File updaters.zip
2025-05-14 15:03:41,753 [INFO] FileExtend:242 - Unzip File : updaters.zip
2025-05-14 15:03:41,754 [INFO] FileExtend:257 - Standard Zip Deflate
2025-05-14 15:03:42,199 [INFO] ServerAccessManage:473 - Download File PacksControlFlags.xml
2025-05-14 15:03:42,362 [INFO] ServerAccessManage:473 - Download File cubemx.pidx
2025-05-14 15:03:42,485 [INFO] LoadServerUpdatesThread:375 - End of LoadServerUpdate Thread
2025-05-14 15:03:42,654 [INFO] CheckServerUpdateThread:120 - End of CheckServer Thread
2025-05-14 15:03:43,609 [INFO] WebApp:169 - Instantiating new browser for Auth
2025-05-14 15:03:44,051 [WARN] PackLoader:240 - Cannot read IP mode file for STMicroelectronics.FP-SNS-MOTENVWB1.1.4.0
2025-05-14 15:03:44,072 [WARN] PackLoader:240 - Cannot read IP mode file for STMicroelectronics.FP-ATR-ASTRA1.2.0.2
2025-05-14 15:03:44,083 [WARN] PackLoader:240 - Cannot read IP mode file for STMicroelectronics.FP-ATR-ASTRA1.2.0.1
2025-05-14 15:03:44,103 [WARN] PackLoader:240 - Cannot read IP mode file for STMicroelectronics.X-CUBE-SMBUS.2.1.0
2025-05-14 15:03:44,116 [WARN] PackLoader:240 - Cannot read IP mode file for STMicroelectronics.X-CUBE-WB05N.1.1.0
2025-05-14 15:03:44,163 [WARN] PackLoader:240 - Cannot read IP mode file for STMicroelectronics.X-CUBE-AZRTOS-F7.1.1.0
2025-05-14 15:03:44,179 [WARN] PackLoader:240 - Cannot read IP mode file for STMicroelectronics.FP-SNS-FLIGHT1.5.0.2
2025-05-14 15:03:44,220 [WARN] PackLoader:240 - Cannot read IP mode file for Infineon.AIROC-Wi-Fi-Bluetooth-STM32.1.7.0
2025-05-14 15:03:44,245 [WARN] PackLoader:240 - Cannot read IP mode file for STMicroelectronics.X-CUBE-DISPLAY.3.0.0
2025-05-14 15:03:44,264 [WARN] PackLoader:240 - Cannot read IP mode file for STMicroelectronics.X-CUBE-BLE1.7.0.0
2025-05-14 15:03:44,279 [WARN] PackLoader:240 - Cannot read IP mode file for STMicroelectronics.X-CUBE-NFC10.1.0.0
2025-05-14 15:03:44,305 [WARN] PackLoader:240 - Cannot read IP mode file for STMicroelectronics.X-CUBE-BLEMGR.4.0.0
2025-05-14 15:03:44,323 [WARN] PackLoader:240 - Cannot read IP mode file for emotas.I-CUBE-CANOPEN.1.3.0
2025-05-14 15:03:44,337 [WARN] PackLoader:240 - Cannot read IP mode file for STMicroelectronics.X-CUBE-AI.10.0.0
2025-05-14 15:03:44,351 [WARN] PackLoader:240 - Cannot read IP mode file for STMicroelectronics.FP-SNS-SMARTAG2.1.2.0
2025-05-14 15:03:44,363 [WARN] PackLoader:240 - Cannot read IP mode file for STMicroelectronics.FP-SNS-FLIGHT1.5.1.0
2025-05-14 15:03:44,432 [WARN] PackLoader:240 - Cannot read IP mode file for STMicroelectronics.X-CUBE-MEMS1.11.1.0
2025-05-14 15:03:44,620 [INFO] LogOutputStream:77 - [STDOUT_REDIRECT] 1 : Invalid condition id : UX_CORESTACK_Condition cause : null
2025-05-14 15:03:44,623 [INFO] LogOutputStream:77 - [STDOUT_REDIRECT] 1 : Invalid condition id : UX_CORESTACK_Condition cause : null
2025-05-14 15:03:44,625 [INFO] LogOutputStream:77 - [STDOUT_REDIRECT] 1 : Invalid condition id : UX_CORESTACK_Condition cause : null
2025-05-14 15:03:44,627 [INFO] LogOutputStream:77 - [STDOUT_REDIRECT] 1 : Invalid condition id : UX_CORESTACK_Condition cause : null
2025-05-14 15:03:44,628 [INFO] LogOutputStream:77 - [STDOUT_REDIRECT] 1 : Invalid condition id : UX_CORESTACK_Condition cause : null
2025-05-14 15:03:44,632 [WARN] PackLoader:240 - Cannot read IP mode file for STMicroelectronics.X-CUBE-AZRTOS-WL.2.0.0
2025-05-14 15:03:44,655 [WARN] PackLoader:240 - Cannot read IP mode file for STMicroelectronics.FP-SNS-MOTENV1.5.0.0
2025-05-14 15:03:44,669 [WARN] PackLoader:240 - Cannot read IP mode file for wolfSSL.I-CUBE-wolfMQTT.1.19.0
2025-05-14 15:03:44,691 [WARN] PackLoader:240 - Cannot read IP mode file for WES.I-CUBE-Cesium.1.3.0
2025-05-14 15:03:44,707 [WARN] PackLoader:240 - Cannot read IP mode file for STMicroelectronics.X-CUBE-BLE2.3.3.0
2025-05-14 15:03:44,726 [WARN] PackLoader:240 - Cannot read IP mode file for STMicroelectronics.X-CUBE-NFC9.1.0.0
2025-05-14 15:03:44,750 [WARN] PackLoader:240 - Cannot read IP mode file for STMicroelectronics.X-CUBE-BLE1.7.1.0
2025-05-14 15:03:44,887 [WARN] PackLoader:240 - Cannot read IP mode file for STMicroelectronics.X-CUBE-MEMS1.11.2.0
2025-05-14 15:03:45,070 [WARN] PackLoader:240 - Cannot read IP mode file for STMicroelectronics.X-CUBE-AZRTOS-G0.1.1.0
2025-05-14 15:03:45,099 [WARN] PackLoader:240 - Cannot read IP mode file for STMicroelectronics.X-CUBE-SAFEA1.1.2.2
2025-05-14 15:03:45,126 [WARN] PackLoader:240 - Cannot read IP mode file for STMicroelectronics.X-CUBE-NFC4.3.0.0
2025-05-14 15:03:45,198 [WARN] PackLoader:240 - Cannot read IP mode file for EmbeddedOffice.I-CUBE-FS-RTOS.1.0.1
2025-05-14 15:03:45,297 [WARN] PackLoader:240 - Cannot read IP mode file for STMicroelectronics.X-CUBE-WB05N.2.0.0
2025-05-14 15:03:45,325 [WARN] PackLoader:240 - Cannot read IP mode file for STMicroelectronics.X-CUBE-TCPP.4.2.0
2025-05-14 15:03:45,371 [WARN] PackLoader:240 - Cannot read IP mode file for RealThread.X-CUBE-RT-Thread_Nano.4.1.1
2025-05-14 15:03:45,389 [WARN] PackLoader:240 - Cannot read IP mode file for STMicroelectronics.FP-ATR-SIGFOX1.3.2.0
2025-05-14 15:03:45,408 [WARN] ConditionMgr:438 - getConditionDescription Invalid condition id : Cortex-A Device cause : null
2025-05-14 15:03:45,436 [WARN] ConditionMgr:1044 - genDependencies : Invalid condition id : Cortex-A Device cause : null
2025-05-14 15:03:45,436 [WARN] ConditionMgr:1044 - genDependencies : Invalid condition id : Cortex-A Device cause : null
2025-05-14 15:03:45,436 [WARN] ConditionMgr:1044 - genDependencies : Invalid condition id : Cortex-A Device cause : null
2025-05-14 15:03:45,461 [WARN] PackLoader:240 - Cannot read IP mode file for STMicroelectronics.X-CUBE-EEPRMA1.5.1.0
2025-05-14 15:03:45,479 [WARN] PackLoader:240 - Cannot read IP mode file for wolfSSL.I-CUBE-wolfSSL.5.7.6
2025-05-14 15:03:45,501 [WARN] PackLoader:240 - Cannot read IP mode file for ITTIA_DB.I-CUBE-ITTIADB.8.9.0
2025-05-14 15:03:45,550 [WARN] PackLoader:240 - Cannot read IP mode file for SEGGER.I-CUBE-embOS.1.3.1
2025-05-14 15:03:45,608 [WARN] PackLoader:240 - Cannot read IP mode file for STMicroelectronics.X-CUBE-ALGOBUILD.1.4.0
2025-05-14 15:03:45,648 [WARN] PackLoader:240 - Cannot read IP mode file for STMicroelectronics.X-CUBE-AZRTOS-F4.1.1.0
2025-05-14 15:03:45,664 [INFO] WebApp:463 - Apply proxy settings
2025-05-14 15:03:45,665 [INFO] WebApp:548 - Chromium requires no authentication
2025-05-14 15:03:45,694 [WARN] PackLoader:240 - Cannot read IP mode file for Avnet-IotConnect.X-CUBE-IoTC-DA16k-PMOD.1.0.0
2025-05-14 15:03:45,715 [WARN] PackLoader:240 - Cannot read IP mode file for STMicroelectronics.X-CUBE-ISPU.2.1.0
2025-05-14 15:03:45,736 [INFO] WebApp:491 - Direct internet connection detected
2025-05-14 15:03:45,781 [WARN] PackLoader:240 - Cannot read IP mode file for STMicroelectronics.X-CUBE-AZRTOS-L5.2.0.0
2025-05-14 15:03:45,813 [WARN] PackLoader:240 - Cannot read IP mode file for STMicroelectronics.X-CUBE-NFC6.3.1.0
2025-05-14 15:03:45,831 [INFO] WebApp:894 - Register for checkConnection events
2025-05-14 15:03:45,832 [INFO] WebApp:463 - Apply proxy settings
2025-05-14 15:03:45,832 [INFO] WebApp:548 - Chromium requires no authentication
2025-05-14 15:03:45,833 [INFO] WebApp:491 - Direct internet connection detected
2025-05-14 15:03:45,835 [WARN] PackLoader:240 - Cannot read IP mode file for STMicroelectronics.X-CUBE-DPower.1.2.0
2025-05-14 15:03:45,851 [WARN] PackLoader:240 - Cannot read IP mode file for STMicroelectronics.X-CUBE-FREERTOS.1.3.1
2025-05-14 15:03:45,882 [WARN] PackLoader:240 - Cannot read IP mode file for STMicroelectronics.X-CUBE-FREERTOS.1.3.0
2025-05-14 15:03:45,946 [WARN] PackLoader:240 - Cannot read IP mode file for STMicroelectronics.X-CUBE-NFC7.1.0.1
2025-05-14 15:03:45,964 [WARN] PackLoader:240 - Cannot read IP mode file for STMicroelectronics.X-CUBE-DPower.1.3.0
2025-05-14 15:03:46,006 [WARN] ConditionMgr:438 - getConditionDescription Invalid condition id : LAN8742 Phy interface Condition cause : null
2025-05-14 15:03:46,007 [WARN] PackLoader:240 - Cannot read IP mode file for STMicroelectronics.X-CUBE-AZRTOS-L4.2.0.0
2025-05-14 15:03:46,008 [WARN] ConditionMgr:1044 - genDependencies : Invalid condition id : LAN8742 Phy interface Condition cause : null
2025-05-14 15:03:46,009 [WARN] ConditionMgr:1044 - genDependencies : Invalid condition id : LAN8742 Phy interface Condition cause : null
2025-05-14 15:03:46,010 [WARN] ConditionMgr:1044 - genDependencies : Invalid condition id : LAN8742 Phy interface Condition cause : null
2025-05-14 15:03:46,031 [WARN] PackLoader:240 - Cannot read IP mode file for STMicroelectronics.X-CUBE-SFXS2LP1.4.0.0
2025-05-14 15:03:46,087 [WARN] PackLoader:240 - Cannot read IP mode file for STMicroelectronics.X-CUBE-AZRTOS-H7.3.3.0
2025-05-14 15:03:46,142 [WARN] ConditionMgr:438 - getConditionDescription Invalid condition id : UX DEVICE CLASS RTOS Condition cause : null
2025-05-14 15:03:46,143 [WARN] ConditionMgr:438 - getConditionDescription Invalid condition id : UX DEVICE CLASS RTOS Condition cause : null
2025-05-14 15:03:46,145 [WARN] PackLoader:240 - Cannot read IP mode file for STMicroelectronics.X-CUBE-AZRTOS-WB.2.0.0
2025-05-14 15:03:46,146 [WARN] ConditionMgr:1044 - genDependencies : Invalid condition id : UX DEVICE CLASS RTOS Condition cause : null
2025-05-14 15:03:46,146 [WARN] ConditionMgr:1044 - genDependencies : Invalid condition id : UX DEVICE CLASS RTOS Condition cause : null
2025-05-14 15:03:46,147 [WARN] ConditionMgr:1044 - genDependencies : Invalid condition id : UX DEVICE CLASS RTOS Condition cause : null
2025-05-14 15:03:46,147 [WARN] ConditionMgr:1044 - genDependencies : Invalid condition id : UX DEVICE CLASS RTOS Condition cause : null
2025-05-14 15:03:46,147 [WARN] ConditionMgr:1044 - genDependencies : Invalid condition id : UX DEVICE CLASS RTOS Condition cause : null
2025-05-14 15:03:46,166 [WARN] PackLoader:240 - Cannot read IP mode file for STMicroelectronics.X-CUBE-GNSS1.7.0.1
2025-05-14 15:03:46,183 [WARN] PackLoader:240 - Cannot read IP mode file for STMicroelectronics.X-CUBE-TOUCHGFX.4.25.0
2025-05-14 15:03:46,200 [WARN] PackLoader:240 - Cannot read IP mode file for STMicroelectronics.FP-SNS-STBOX1.2.0.0
2025-05-14 15:03:46,231 [WARN] PackLoader:240 - Cannot read IP mode file for STMicroelectronics.X-CUBE-SUBG2.5.0.0
2025-05-14 15:03:46,274 [WARN] PackLoader:240 - Cannot read IP mode file for STMicroelectronics.X-CUBE-AZRTOS-H7RS.1.1.0
2025-05-14 15:03:46,287 [WARN] PackLoader:240 - Cannot read IP mode file for Cesanta.I-CUBE-Mongoose.7.13.0
2025-05-14 15:03:46,316 [WARN] PackLoader:240 - Cannot read IP mode file for STMicroelectronics.X-CUBE-AZRTOS-G4.2.0.0
2025-05-14 15:03:46,331 [WARN] PackLoader:240 - Cannot read IP mode file for STMicroelectronics.X-CUBE-NFC7.2.0.0
2025-05-14 15:03:46,355 [WARN] PackLoader:240 - Cannot read IP mode file for STMicroelectronics.X-CUBE-IPS.3.1.0
2025-05-14 15:03:46,377 [WARN] PackLoader:240 - Cannot read IP mode file for STMicroelectronics.X-CUBE-ALS.1.0.2
2025-05-14 15:03:46,403 [WARN] PackLoader:240 - Cannot read IP mode file for STMicroelectronics.X-CUBE-TOUCHGFX.4.24.2
2025-05-14 15:03:46,418 [WARN] PackLoader:240 - Cannot read IP mode file for wolfSSL.I-CUBE-wolfTPM.3.4.0
2025-05-14 15:03:46,435 [WARN] PackLoader:240 - Cannot read IP mode file for portGmbH.I-Cube-SoM-uGOAL.1.1.0
2025-05-14 15:03:46,438 [INFO] WebApp:191 - Connection restablished
2025-05-14 15:03:46,440 [INFO] WebApp:225 - Starting web application
2025-05-14 15:03:46,440 [INFO] WebApp:593 - Web application path used F:\STM32CubeIDE\STM32CubeIDE_1.16.1\STM32CubeIDE\plugins\com.st.stm32cube.common.mx_6.14.1.202504091515\db\plugins\mcufinder\reactClient1\index.html
2025-05-14 15:03:46,469 [WARN] PackLoader:240 - Cannot read IP mode file for STMicroelectronics.X-CUBE-AZRTOS-H7RS.1.0.0
2025-05-14 15:03:46,499 [WARN] PackLoader:240 - Cannot read IP mode file for STMicroelectronics.X-CUBE-TOF1.3.4.2
2025-05-14 15:03:46,544 [WARN] PackLoader:240 - Cannot read IP mode file for STMicroelectronics.X-CUBE-TOF1.3.4.3
2025-05-14 15:03:46,578 [WARN] PackLoader:240 - Cannot read IP mode file for wolfSSL.I-CUBE-wolfSSH.1.4.17
2025-05-14 15:03:46,579 [INFO] ThirdParty:978 - Integrity check success = true
2025-05-14 15:03:46,580 [INFO] IntegrityCheckThread:100 - exiting critical section [integrity check]
2025-05-14 15:03:46,580 [INFO] IntegrityCheckThread:103 - End integrity checks thread
2025-05-14 15:03:46,648 [INFO] UserAuth:484 - Internet connection configuration mode: 1
2025-05-14 15:03:47,646 [INFO] WebApp:194 - Connection lost
2025-05-14 15:03:47,921 [INFO] WebApp:191 - Connection restablished
2025-05-14 15:03:52,365 [INFO] WebApp:194 - Connection lost
2025-05-14 15:03:53,085 [INFO] WebApp:191 - Connection restablished
2025-05-14 17:03:03,068 [ERROR] LogOutputStream:75 - [STDERR_REDIRECT] 
2025-05-14 19:36:54,485 [INFO] Activator:176 - 


2025-05-14 19:36:54,487 [INFO] Activator:177 - !SESSION log4j initialized
2025-05-14 19:37:00,093 [INFO] LogOutputStream:77 - [STDOUT_REDIRECT] 
2025-05-14 19:37:01,484 [INFO] ApplicationProperties:184 - Using Application install path: F:\STM32CubeIDE\STM32CubeIDE_1.16.1\STM32CubeIDE\plugins\com.st.stm32cube.common.mx_6.14.1.202504091515
2025-05-14 19:37:01,502 [INFO] DbMcusXml:78 - Set database path to: F:\STM32CubeIDE\STM32CubeIDE_1.16.1\STM32CubeIDE\plugins\com.st.stm32cube.common.mx_6.14.1.202504091515\\db\/mcu/
2025-05-14 19:37:01,502 [INFO] ApiDb:274 - Set plugin database path to: F:\STM32CubeIDE\STM32CubeIDE_1.16.1\STM32CubeIDE\plugins\com.st.stm32cube.common.mx_6.14.1.202504091515\\db\/plugins/boardmanager/
2025-05-14 19:37:01,502 [WARN] ApiDb:259 - Overriding images path with different value:  => F:\STM32CubeIDE\STM32CubeIDE_1.16.1\STM32CubeIDE\plugins\com.st.stm32cube.common.mx_6.14.1.202504091515\\db\/plugins/mcufinder/images/
2025-05-14 19:37:01,511 [INFO] ApiDb:250 - Set database path to: C:\Users\dell\.stmcufinder\plugins\mcufinder//mcu/
2025-05-14 19:37:01,512 [INFO] DbMcusAds:125 - Set database path to: C:\Users\dell\.stmcufinder\plugins\mcufinder//mcu/
2025-05-14 19:37:01,513 [INFO] CrossReferenceDbSqlite:203 - Set database path to: C:\Users\dell\.stmcufinder\plugins\mcufinder//mcu/cs/
2025-05-14 19:37:01,612 [INFO] RulesReader:64 - Compatibility file has been processed (302 Rules)
2025-05-14 19:37:01,697 [INFO] DbMcusXml:78 - Set database path to: F:\STM32CubeIDE\STM32CubeIDE_1.16.1\STM32CubeIDE\plugins\com.st.stm32cube.common.mx_6.14.1.202504091515\\db\/mcu/
2025-05-14 19:37:01,697 [INFO] ApiDb:274 - Set plugin database path to: F:\STM32CubeIDE\STM32CubeIDE_1.16.1\STM32CubeIDE\plugins\com.st.stm32cube.common.mx_6.14.1.202504091515\\db\/plugins/boardmanager/
2025-05-14 19:37:01,697 [INFO] ApiDb:261 - Set plugin images path to: F:\STM32CubeIDE\STM32CubeIDE_1.16.1\STM32CubeIDE\plugins\com.st.stm32cube.common.mx_6.14.1.202504091515\\db\/plugins/mcufinder/images/
2025-05-14 19:37:01,697 [WARN] DbFile:41 - Overriding database path with different value: C:\Users\dell\.stmcufinder\plugins\mcufinder/ => C:\Users\dell\.stmcufinder\plugins\mcufinder
2025-05-14 19:37:01,697 [INFO] ApiDb:250 - Set database path to: C:\Users\dell\.stmcufinder\plugins\mcufinder//mcu/
2025-05-14 19:37:01,697 [WARN] DbFile:41 - Overriding database path with different value: C:\Users\dell\.stmcufinder\plugins\mcufinder/ => C:\Users\dell\.stmcufinder\plugins\mcufinder
2025-05-14 19:37:01,697 [INFO] DbMcusAds:125 - Set database path to: C:\Users\dell\.stmcufinder\plugins\mcufinder//mcu/
2025-05-14 19:37:01,697 [WARN] DbFile:41 - Overriding database path with different value: C:\Users\dell\.stmcufinder\plugins\mcufinder/ => C:\Users\dell\.stmcufinder\plugins\mcufinder
2025-05-14 19:37:01,697 [WARN] DbFile:41 - Overriding database path with different value: C:\Users\dell\.stmcufinder\plugins\mcufinder/ => C:\Users\dell\.stmcufinder\plugins\mcufinder
2025-05-14 19:37:01,697 [INFO] CrossReferenceDbSqlite:203 - Set database path to: C:\Users\dell\.stmcufinder\plugins\mcufinder//mcu/cs/
2025-05-14 19:37:01,770 [INFO] MainPanel:272 - HeapMemory: 268435456
2025-05-14 19:37:01,878 [INFO] DbMcusXml:78 - Set database path to: F:\STM32CubeIDE\STM32CubeIDE_1.16.1\STM32CubeIDE\plugins\com.st.stm32cube.common.mx_6.14.1.202504091515\\db\/mcu/
2025-05-14 19:37:01,879 [INFO] ApiDb:274 - Set plugin database path to: F:\STM32CubeIDE\STM32CubeIDE_1.16.1\STM32CubeIDE\plugins\com.st.stm32cube.common.mx_6.14.1.202504091515\\db\/plugins/boardmanager/
2025-05-14 19:37:01,879 [INFO] ApiDb:261 - Set plugin images path to: F:\STM32CubeIDE\STM32CubeIDE_1.16.1\STM32CubeIDE\plugins\com.st.stm32cube.common.mx_6.14.1.202504091515\\db\/plugins/mcufinder/images/
2025-05-14 19:37:01,879 [WARN] DbFile:41 - Overriding database path with different value: C:\Users\dell\.stmcufinder\plugins\mcufinder/ => C:\Users\dell\.stmcufinder\plugins\mcufinder
2025-05-14 19:37:01,879 [INFO] ApiDb:250 - Set database path to: C:\Users\dell\.stmcufinder\plugins\mcufinder//mcu/
2025-05-14 19:37:01,879 [WARN] DbFile:41 - Overriding database path with different value: C:\Users\dell\.stmcufinder\plugins\mcufinder/ => C:\Users\dell\.stmcufinder\plugins\mcufinder
2025-05-14 19:37:01,879 [INFO] DbMcusAds:125 - Set database path to: C:\Users\dell\.stmcufinder\plugins\mcufinder//mcu/
2025-05-14 19:37:01,879 [WARN] DbFile:41 - Overriding database path with different value: C:\Users\dell\.stmcufinder\plugins\mcufinder/ => C:\Users\dell\.stmcufinder\plugins\mcufinder
2025-05-14 19:37:01,879 [WARN] DbFile:41 - Overriding database path with different value: C:\Users\dell\.stmcufinder\plugins\mcufinder/ => C:\Users\dell\.stmcufinder\plugins\mcufinder
2025-05-14 19:37:01,879 [INFO] CrossReferenceDbSqlite:203 - Set database path to: C:\Users\dell\.stmcufinder\plugins\mcufinder//mcu/cs/
2025-05-14 19:37:01,897 [INFO] ApplicationProperties:184 - Using Application install path: F:\STM32CubeIDE\STM32CubeIDE_1.16.1\STM32CubeIDE\plugins\com.st.stm32cube.common.mx_6.14.1.202504091515
2025-05-14 19:37:01,898 [INFO] PluginManage:196 - Search for loadable plugins [exclusion list=, ]
2025-05-14 19:37:01,899 [INFO] PluginManage:310 - Check plugin analytics
2025-05-14 19:37:02,055 [INFO] AnalyticsPlugin:253 - Accepted Software Licenses: 
2025-05-14 19:37:02,055 [INFO] AnalyticsPlugin:255 - Accepted CMSIS Pack Licenses: 
2025-05-14 19:37:02,055 [INFO] AnalyticsPlugin:257 - Accepted Firmware Licenses: FW.F4.1.28.0
2025-05-14 19:37:02,057 [INFO] PluginManage:359 - Loaded plugin analytics (category:tool,tabindex:-1)
2025-05-14 19:37:02,057 [INFO] PluginManage:310 - Check plugin cadmodel
2025-05-14 19:37:02,064 [INFO] CADModel:105 - Init CAD model plugin
2025-05-14 19:37:02,064 [INFO] PluginManage:359 - Loaded plugin cadmodel (category:power,tabindex:5)
2025-05-14 19:37:02,064 [INFO] PluginManage:310 - Check plugin clock
2025-05-14 19:37:02,075 [INFO] PluginManage:359 - Loaded plugin clock (category:base,tabindex:2)
2025-05-14 19:37:02,075 [INFO] PluginManage:310 - Check plugin ddr
2025-05-14 19:37:02,077 [INFO] PluginManage:359 - Loaded plugin ddr (category:tool,tabindex:6)
2025-05-14 19:37:02,078 [INFO] PluginManage:310 - Check plugin filemanager
2025-05-14 19:37:02,215 [INFO] PluginManage:359 - Loaded plugin filemanager (category:base,tabindex:10)
2025-05-14 19:37:02,216 [INFO] PluginManage:310 - Check plugin ipmanager
2025-05-14 19:37:02,222 [INFO] PluginManage:359 - Loaded plugin ipmanager (category:base,tabindex:5)
2025-05-14 19:37:02,222 [INFO] PluginManage:310 - Check plugin lpbam
2025-05-14 19:37:02,229 [INFO] PluginManage:359 - Loaded plugin lpbam (category:base,tabindex:0)
2025-05-14 19:37:02,230 [INFO] PluginManage:310 - Check plugin memorymap
2025-05-14 19:37:02,243 [INFO] PluginManage:359 - Loaded plugin memorymap (category:base,tabindex:4)
2025-05-14 19:37:02,243 [INFO] PluginManage:310 - Check plugin pinoutandconfiguration
2025-05-14 19:37:02,252 [INFO] PluginManage:359 - Loaded plugin pinoutandconfiguration (category:base,tabindex:1)
2025-05-14 19:37:02,252 [INFO] PluginManage:310 - Check plugin pinoutconfig
2025-05-14 19:37:02,331 [WARN] SupportedApi:132 - Cannot load RTOS API schema: s4s-elt-must-match.1: The content of 'definitions' must match (annotation?, (simpleType | complexType)?, (unique | key | keyref)*)). A problem was found starting at: attribute.
2025-05-14 19:37:02,459 [INFO] PluginManage:359 - Loaded plugin pinoutconfig (category:base,tabindex:0)
2025-05-14 19:37:02,459 [INFO] PluginManage:310 - Check plugin power
2025-05-14 19:37:02,470 [INFO] PluginManage:359 - Loaded plugin power (category:power,tabindex:4)
2025-05-14 19:37:02,470 [INFO] PluginManage:310 - Check plugin projectmanager
2025-05-14 19:37:02,487 [INFO] PluginManage:359 - Loaded plugin projectmanager (category:projectmanager,tabindex:4)
2025-05-14 19:37:02,487 [INFO] PluginManage:310 - Check plugin rif
2025-05-14 19:37:02,495 [INFO] PluginManage:359 - Loaded plugin rif (category:base,tabindex:3)
2025-05-14 19:37:02,495 [INFO] PluginManage:310 - Check plugin thirdparty
2025-05-14 19:37:02,630 [INFO] PluginManage:359 - Loaded plugin thirdparty (category:base,tabindex:-1)
2025-05-14 19:37:02,630 [WARN] IntegrityCheckThread:84 - waiting for thirdparty lock release [integrity check]
2025-05-14 19:37:02,630 [INFO] PluginManage:310 - Check plugin tools
2025-05-14 19:37:02,630 [INFO] IntegrityCheckThread:86 - entering critical section [integrity check]
2025-05-14 19:37:02,631 [INFO] ThirdPartyUpdaterWithRetryManager:70 - Updater plugin not ready yet. [1/15]
2025-05-14 19:37:02,633 [INFO] PluginManage:359 - Loaded plugin tools (category:base,tabindex:7)
2025-05-14 19:37:02,633 [INFO] PluginManage:310 - Check plugin tutovideos
2025-05-14 19:37:02,791 [INFO] PluginManage:359 - Loaded plugin tutovideos (category:base,tabindex:-1)
2025-05-14 19:37:02,791 [INFO] PluginManage:310 - Check plugin updater
2025-05-14 19:37:02,813 [INFO] PluginManage:359 - Loaded plugin updater (category:base,tabindex:12)
2025-05-14 19:37:02,814 [INFO] PluginManage:310 - Check plugin userauth
2025-05-14 19:37:02,818 [INFO] UserAuth:118 - Init User Auth plugin
2025-05-14 19:37:02,819 [INFO] PluginManage:359 - Loaded plugin userauth (category:base,tabindex:14)
2025-05-14 19:37:02,819 [INFO] PluginManage:283 - PluginManage : Loaded plugins [18]
2025-05-14 19:37:03,019 [INFO] PinOutPanel:1589 - setPackage(No Configuration,No Configuration)
2025-05-14 19:37:03,109 [INFO] CADModel:165 - CPN selected for project level
2025-05-14 19:37:03,109 [INFO] CADModel:114 - Register for checkConnection events
2025-05-14 19:37:03,125 [INFO] IPUIPlugin:80 - create IPUIPlugin
2025-05-14 19:37:03,126 [INFO] PluginManager:220 - loadIPPluginJar : add adc
2025-05-14 19:37:03,127 [INFO] IPUIPlugin:80 - create IPUIPlugin
2025-05-14 19:37:03,128 [INFO] PluginManager:220 - loadIPPluginJar : add aes
2025-05-14 19:37:03,129 [INFO] IPUIPlugin:80 - create IPUIPlugin
2025-05-14 19:37:03,129 [INFO] PluginManager:220 - loadIPPluginJar : add can
2025-05-14 19:37:03,130 [INFO] IPUIPlugin:80 - create IPUIPlugin
2025-05-14 19:37:03,130 [INFO] PluginManager:220 - loadIPPluginJar : add comp
2025-05-14 19:37:03,132 [INFO] IPUIPlugin:80 - create IPUIPlugin
2025-05-14 19:37:03,132 [INFO] PluginManager:220 - loadIPPluginJar : add cryp
2025-05-14 19:37:03,135 [INFO] IPUIPlugin:80 - create IPUIPlugin
2025-05-14 19:37:03,135 [INFO] PluginManager:220 - loadIPPluginJar : add ddr_ctrl_phy
2025-05-14 19:37:03,137 [INFO] IPUIPlugin:80 - create IPUIPlugin
2025-05-14 19:37:03,137 [INFO] PluginManager:220 - loadIPPluginJar : add dfsdm
2025-05-14 19:37:03,141 [INFO] IPUIPlugin:80 - create IPUIPlugin
2025-05-14 19:37:03,141 [INFO] PluginManager:220 - loadIPPluginJar : add dma
2025-05-14 19:37:03,143 [INFO] IPUIPlugin:80 - create IPUIPlugin
2025-05-14 19:37:03,143 [INFO] PluginManager:220 - loadIPPluginJar : add dma3
2025-05-14 19:37:03,145 [INFO] IPUIPlugin:80 - create IPUIPlugin
2025-05-14 19:37:03,145 [INFO] PluginManager:220 - loadIPPluginJar : add extmemmanager
2025-05-14 19:37:03,146 [INFO] IPUIPlugin:80 - create IPUIPlugin
2025-05-14 19:37:03,146 [INFO] PluginManager:220 - loadIPPluginJar : add fatfs
2025-05-14 19:37:03,149 [INFO] IPUIPlugin:80 - create IPUIPlugin
2025-05-14 19:37:03,149 [INFO] PluginManager:220 - loadIPPluginJar : add fmc
2025-05-14 19:37:03,155 [INFO] IPUIPlugin:80 - create IPUIPlugin
2025-05-14 19:37:03,155 [INFO] PluginManager:220 - loadIPPluginJar : add freertos
2025-05-14 19:37:03,156 [INFO] IPUIPlugin:80 - create IPUIPlugin
2025-05-14 19:37:03,156 [INFO] PluginManager:220 - loadIPPluginJar : add genericplugin
2025-05-14 19:37:03,158 [INFO] IPUIPlugin:80 - create IPUIPlugin
2025-05-14 19:37:03,158 [INFO] PluginManager:220 - loadIPPluginJar : add gfxmmu
2025-05-14 19:37:03,161 [INFO] IPUIPlugin:80 - create IPUIPlugin
2025-05-14 19:37:03,161 [INFO] PluginManager:220 - loadIPPluginJar : add gic
2025-05-14 19:37:03,164 [INFO] IPUIPlugin:80 - create IPUIPlugin
2025-05-14 19:37:03,164 [INFO] PluginManager:220 - loadIPPluginJar : add gpio
2025-05-14 19:37:03,165 [INFO] IPUIPlugin:80 - create IPUIPlugin
2025-05-14 19:37:03,165 [INFO] PluginManager:220 - loadIPPluginJar : add gtzc
2025-05-14 19:37:03,167 [INFO] IPUIPlugin:80 - create IPUIPlugin
2025-05-14 19:37:03,167 [INFO] PluginManager:220 - loadIPPluginJar : add hash
2025-05-14 19:37:03,170 [INFO] IPUIPlugin:80 - create IPUIPlugin
2025-05-14 19:37:03,170 [INFO] PluginManager:220 - loadIPPluginJar : add i2c
2025-05-14 19:37:03,171 [INFO] IPUIPlugin:80 - create IPUIPlugin
2025-05-14 19:37:03,171 [INFO] PluginManager:220 - loadIPPluginJar : add i2s
2025-05-14 19:37:03,173 [INFO] IPUIPlugin:80 - create IPUIPlugin
2025-05-14 19:37:03,173 [INFO] PluginManager:220 - loadIPPluginJar : add i3c
2025-05-14 19:37:03,176 [INFO] IPUIPlugin:80 - create IPUIPlugin
2025-05-14 19:37:03,177 [INFO] PluginManager:220 - loadIPPluginJar : add ipddr
2025-05-14 19:37:03,182 [INFO] IPUIPlugin:80 - create IPUIPlugin
2025-05-14 19:37:03,182 [INFO] PluginManager:220 - loadIPPluginJar : add linkedlist
2025-05-14 19:37:03,185 [INFO] IPUIPlugin:80 - create IPUIPlugin
2025-05-14 19:37:03,186 [INFO] PluginManager:220 - loadIPPluginJar : add lorawan
2025-05-14 19:37:03,187 [INFO] IPUIPlugin:80 - create IPUIPlugin
2025-05-14 19:37:03,187 [INFO] PluginManager:220 - loadIPPluginJar : add ltdc
2025-05-14 19:37:03,192 [INFO] IPUIPlugin:80 - create IPUIPlugin
2025-05-14 19:37:03,192 [INFO] PluginManager:220 - loadIPPluginJar : add mdma
2025-05-14 19:37:03,195 [INFO] IPUIPlugin:80 - create IPUIPlugin
2025-05-14 19:37:03,195 [INFO] PluginManager:220 - loadIPPluginJar : add nvic
2025-05-14 19:37:03,197 [INFO] IPUIPlugin:80 - create IPUIPlugin
2025-05-14 19:37:03,197 [INFO] PluginManager:220 - loadIPPluginJar : add opamp
2025-05-14 19:37:03,199 [INFO] IPUIPlugin:80 - create IPUIPlugin
2025-05-14 19:37:03,199 [INFO] PluginManager:220 - loadIPPluginJar : add openamp
2025-05-14 19:37:03,201 [INFO] IPUIPlugin:80 - create IPUIPlugin
2025-05-14 19:37:03,201 [INFO] PluginManager:220 - loadIPPluginJar : add pdm2pcm
2025-05-14 19:37:03,205 [INFO] IPUIPlugin:80 - create IPUIPlugin
2025-05-14 19:37:03,208 [INFO] PluginManager:220 - loadIPPluginJar : add plateformsettings
2025-05-14 19:37:03,209 [INFO] IPUIPlugin:80 - create IPUIPlugin
2025-05-14 19:37:03,209 [INFO] PluginManager:220 - loadIPPluginJar : add quadspi
2025-05-14 19:37:03,211 [INFO] IPUIPlugin:80 - create IPUIPlugin
2025-05-14 19:37:03,212 [INFO] PluginManager:220 - loadIPPluginJar : add radio
2025-05-14 19:37:03,214 [INFO] IPUIPlugin:80 - create IPUIPlugin
2025-05-14 19:37:03,214 [INFO] PluginManager:220 - loadIPPluginJar : add resmgrutility
2025-05-14 19:37:03,217 [INFO] IPUIPlugin:80 - create IPUIPlugin
2025-05-14 19:37:03,217 [INFO] PluginManager:220 - loadIPPluginJar : add sai
2025-05-14 19:37:03,218 [INFO] IPUIPlugin:80 - create IPUIPlugin
2025-05-14 19:37:03,219 [INFO] PluginManager:220 - loadIPPluginJar : add spi
2025-05-14 19:37:03,223 [INFO] IPUIPlugin:80 - create IPUIPlugin
2025-05-14 19:37:03,223 [INFO] PluginManager:220 - loadIPPluginJar : add stm32_wpan
2025-05-14 19:37:03,224 [INFO] IPUIPlugin:80 - create IPUIPlugin
2025-05-14 19:37:03,224 [INFO] PluginManager:220 - loadIPPluginJar : add tim
2025-05-14 19:37:03,227 [INFO] IPUIPlugin:80 - create IPUIPlugin
2025-05-14 19:37:03,227 [INFO] PluginManager:220 - loadIPPluginJar : add touchsensing
2025-05-14 19:37:03,228 [INFO] IPUIPlugin:80 - create IPUIPlugin
2025-05-14 19:37:03,228 [INFO] PluginManager:220 - loadIPPluginJar : add tracer_emb
2025-05-14 19:37:03,230 [INFO] IPUIPlugin:80 - create IPUIPlugin
2025-05-14 19:37:03,230 [INFO] PluginManager:220 - loadIPPluginJar : add ts
2025-05-14 19:37:03,231 [INFO] IPUIPlugin:80 - create IPUIPlugin
2025-05-14 19:37:03,231 [INFO] PluginManager:220 - loadIPPluginJar : add tsc
2025-05-14 19:37:03,232 [INFO] IPUIPlugin:80 - create IPUIPlugin
2025-05-14 19:37:03,233 [INFO] PluginManager:220 - loadIPPluginJar : add ucpd
2025-05-14 19:37:03,235 [INFO] IPUIPlugin:80 - create IPUIPlugin
2025-05-14 19:37:03,235 [INFO] PluginManager:220 - loadIPPluginJar : add usart
2025-05-14 19:37:03,239 [INFO] IPUIPlugin:80 - create IPUIPlugin
2025-05-14 19:37:03,239 [INFO] PluginManager:220 - loadIPPluginJar : add usbx
2025-05-14 19:37:03,354 [FATAL] Updater:351 - Updater called before beeing initialized
2025-05-14 19:37:03,375 [INFO] RulesReader:64 - Compatibility file has been processed (302 Rules)
2025-05-14 19:37:03,396 [INFO] RulesReader:64 - Compatibility file has been processed (302 Rules)
2025-05-14 19:37:03,405 [INFO] CADModel:165 - CPN selected for project level
2025-05-14 19:37:03,405 [INFO] CADModel:114 - Register for checkConnection events
2025-05-14 19:37:03,405 [FATAL] Updater:351 - Updater called before beeing initialized
2025-05-14 19:37:03,405 [ERROR] CADModel:125 - Updater not yet initialized, retry later 
2025-05-14 19:37:03,526 [FATAL] Updater:351 - Updater called before beeing initialized
2025-05-14 19:37:03,528 [INFO] CADModel:165 - CPN selected for project level
2025-05-14 19:37:03,528 [INFO] CADModel:114 - Register for checkConnection events
2025-05-14 19:37:03,528 [FATAL] Updater:351 - Updater called before beeing initialized
2025-05-14 19:37:03,528 [ERROR] CADModel:125 - Updater not yet initialized, retry later 
2025-05-14 19:37:03,531 [FATAL] Updater:351 - Updater called before beeing initialized
2025-05-14 19:37:03,636 [FATAL] Updater:351 - Updater called before beeing initialized
2025-05-14 19:37:03,643 [INFO] DbMcusAds:53 - JSON generation date=Tue Dec 17 23:01:25 ICT 2024 (1734451285682)
2025-05-14 19:37:03,643 [FATAL] Updater:351 - Updater called before beeing initialized
2025-05-14 19:37:03,698 [WARN] DetailPanel:346 - Failed to get advertising image, set to default
2025-05-14 19:37:03,902 [FATAL] Updater:351 - Updater called before beeing initialized
2025-05-14 19:37:03,904 [FATAL] Updater:351 - Updater called before beeing initialized
2025-05-14 19:37:03,905 [FATAL] Updater:351 - Updater called before beeing initialized
2025-05-14 19:37:03,905 [WARN] DetailPanel:346 - Failed to get advertising image, set to default
2025-05-14 19:37:03,906 [FATAL] Updater:351 - Updater called before beeing initialized
2025-05-14 19:37:03,958 [ERROR] Updater:1198 - MainUpdater not yet initialized. External WinMGr cannot be set.
2025-05-14 19:37:03,960 [INFO] Updater:1134 - Updater Version found : 6.14.1
2025-05-14 19:37:03,984 [INFO] ApplicationProperties:184 - Using Application install path: F:\STM32CubeIDE\STM32CubeIDE_1.16.1\STM32CubeIDE\plugins\com.st.stm32cube.common.mx_6.14.1.202504091515
2025-05-14 19:37:04,707 [INFO] MainUpdater:2872 - connection check result : 10
2025-05-14 19:37:04,708 [INFO] MainUpdater:289 - Updater Check For Update Now.
2025-05-14 19:37:04,708 [INFO] MicroXplorer:498 - Change Database Version : DB.6.0.141
2025-05-14 19:37:04,712 [INFO] McuFinderGlobals:63 - Set McuFinder mode to 2 (CubeIDE integrated)
2025-05-14 19:37:04,713 [INFO] UserAuth:484 - Internet connection configuration mode: 1
2025-05-14 19:37:04,752 [INFO] JxBrowserEngine:152 - Initiate JxBrowser Engine with user profile folder
2025-05-14 19:37:04,918 [INFO] CheckServerUpdateThread:120 - End of CheckServer Thread
2025-05-14 19:37:05,837 [INFO] WebApp:169 - Instantiating new browser for Auth
2025-05-14 19:37:06,045 [WARN] PackLoader:240 - Cannot read IP mode file for STMicroelectronics.FP-SNS-MOTENVWB1.1.4.0
2025-05-14 19:37:06,069 [WARN] PackLoader:240 - Cannot read IP mode file for STMicroelectronics.FP-ATR-ASTRA1.2.0.2
2025-05-14 19:37:06,074 [WARN] PackLoader:240 - Cannot read IP mode file for STMicroelectronics.FP-ATR-ASTRA1.2.0.1
2025-05-14 19:37:06,092 [WARN] PackLoader:240 - Cannot read IP mode file for STMicroelectronics.X-CUBE-SMBUS.2.1.0
2025-05-14 19:37:06,111 [WARN] PackLoader:240 - Cannot read IP mode file for STMicroelectronics.X-CUBE-WB05N.1.1.0
2025-05-14 19:37:06,154 [WARN] PackLoader:240 - Cannot read IP mode file for STMicroelectronics.X-CUBE-AZRTOS-F7.1.1.0
2025-05-14 19:37:06,169 [WARN] PackLoader:240 - Cannot read IP mode file for STMicroelectronics.FP-SNS-FLIGHT1.5.0.2
2025-05-14 19:37:06,203 [WARN] PackLoader:240 - Cannot read IP mode file for Infineon.AIROC-Wi-Fi-Bluetooth-STM32.1.7.0
2025-05-14 19:37:06,223 [WARN] PackLoader:240 - Cannot read IP mode file for STMicroelectronics.X-CUBE-DISPLAY.3.0.0
2025-05-14 19:37:06,238 [WARN] PackLoader:240 - Cannot read IP mode file for STMicroelectronics.X-CUBE-BLE1.7.0.0
2025-05-14 19:37:06,251 [WARN] PackLoader:240 - Cannot read IP mode file for STMicroelectronics.X-CUBE-NFC10.1.0.0
2025-05-14 19:37:06,267 [WARN] PackLoader:240 - Cannot read IP mode file for STMicroelectronics.X-CUBE-BLEMGR.4.0.0
2025-05-14 19:37:06,280 [WARN] PackLoader:240 - Cannot read IP mode file for emotas.I-CUBE-CANOPEN.1.3.0
2025-05-14 19:37:06,292 [WARN] PackLoader:240 - Cannot read IP mode file for STMicroelectronics.X-CUBE-AI.10.0.0
2025-05-14 19:37:06,299 [WARN] PackLoader:240 - Cannot read IP mode file for STMicroelectronics.FP-SNS-SMARTAG2.1.2.0
2025-05-14 19:37:06,305 [WARN] PackLoader:240 - Cannot read IP mode file for STMicroelectronics.FP-SNS-FLIGHT1.5.1.0
2025-05-14 19:37:06,354 [WARN] PackLoader:240 - Cannot read IP mode file for STMicroelectronics.X-CUBE-MEMS1.11.1.0
2025-05-14 19:37:06,515 [INFO] LogOutputStream:77 - [STDOUT_REDIRECT] 1 : Invalid condition id : UX_CORESTACK_Condition cause : null
2025-05-14 19:37:06,516 [INFO] LogOutputStream:77 - [STDOUT_REDIRECT] 1 : Invalid condition id : UX_CORESTACK_Condition cause : null
2025-05-14 19:37:06,518 [INFO] LogOutputStream:77 - [STDOUT_REDIRECT] 1 : Invalid condition id : UX_CORESTACK_Condition cause : null
2025-05-14 19:37:06,520 [INFO] LogOutputStream:77 - [STDOUT_REDIRECT] 1 : Invalid condition id : UX_CORESTACK_Condition cause : null
2025-05-14 19:37:06,521 [INFO] LogOutputStream:77 - [STDOUT_REDIRECT] 1 : Invalid condition id : UX_CORESTACK_Condition cause : null
2025-05-14 19:37:06,523 [WARN] PackLoader:240 - Cannot read IP mode file for STMicroelectronics.X-CUBE-AZRTOS-WL.2.0.0
2025-05-14 19:37:06,560 [WARN] PackLoader:240 - Cannot read IP mode file for STMicroelectronics.FP-SNS-MOTENV1.5.0.0
2025-05-14 19:37:06,571 [WARN] PackLoader:240 - Cannot read IP mode file for wolfSSL.I-CUBE-wolfMQTT.1.19.0
2025-05-14 19:37:06,587 [WARN] PackLoader:240 - Cannot read IP mode file for WES.I-CUBE-Cesium.1.3.0
2025-05-14 19:37:06,594 [WARN] PackLoader:240 - Cannot read IP mode file for STMicroelectronics.X-CUBE-BLE2.3.3.0
2025-05-14 19:37:06,600 [WARN] PackLoader:240 - Cannot read IP mode file for STMicroelectronics.X-CUBE-NFC9.1.0.0
2025-05-14 19:37:06,607 [WARN] PackLoader:240 - Cannot read IP mode file for STMicroelectronics.X-CUBE-BLE1.7.1.0
2025-05-14 19:37:06,677 [WARN] PackLoader:240 - Cannot read IP mode file for STMicroelectronics.X-CUBE-MEMS1.11.2.0
2025-05-14 19:37:06,802 [WARN] PackLoader:240 - Cannot read IP mode file for STMicroelectronics.X-CUBE-AZRTOS-G0.1.1.0
2025-05-14 19:37:06,811 [WARN] PackLoader:240 - Cannot read IP mode file for STMicroelectronics.X-CUBE-SAFEA1.1.2.2
2025-05-14 19:37:06,817 [WARN] PackLoader:240 - Cannot read IP mode file for STMicroelectronics.X-CUBE-NFC4.3.0.0
2025-05-14 19:37:06,828 [WARN] PackLoader:240 - Cannot read IP mode file for EmbeddedOffice.I-CUBE-FS-RTOS.1.0.1
2025-05-14 19:37:06,836 [WARN] PackLoader:240 - Cannot read IP mode file for STMicroelectronics.X-CUBE-WB05N.2.0.0
2025-05-14 19:37:06,844 [WARN] PackLoader:240 - Cannot read IP mode file for STMicroelectronics.X-CUBE-TCPP.4.2.0
2025-05-14 19:37:06,852 [WARN] PackLoader:240 - Cannot read IP mode file for RealThread.X-CUBE-RT-Thread_Nano.4.1.1
2025-05-14 19:37:06,858 [WARN] PackLoader:240 - Cannot read IP mode file for STMicroelectronics.FP-ATR-SIGFOX1.3.2.0
2025-05-14 19:37:06,862 [WARN] ConditionMgr:438 - getConditionDescription Invalid condition id : Cortex-A Device cause : null
2025-05-14 19:37:06,878 [WARN] ConditionMgr:1044 - genDependencies : Invalid condition id : Cortex-A Device cause : null
2025-05-14 19:37:06,878 [WARN] ConditionMgr:1044 - genDependencies : Invalid condition id : Cortex-A Device cause : null
2025-05-14 19:37:06,878 [WARN] ConditionMgr:1044 - genDependencies : Invalid condition id : Cortex-A Device cause : null
2025-05-14 19:37:06,885 [WARN] PackLoader:240 - Cannot read IP mode file for STMicroelectronics.X-CUBE-EEPRMA1.5.1.0
2025-05-14 19:37:06,891 [WARN] PackLoader:240 - Cannot read IP mode file for wolfSSL.I-CUBE-wolfSSL.5.7.6
2025-05-14 19:37:06,898 [WARN] PackLoader:240 - Cannot read IP mode file for ITTIA_DB.I-CUBE-ITTIADB.8.9.0
2025-05-14 19:37:06,918 [WARN] PackLoader:240 - Cannot read IP mode file for SEGGER.I-CUBE-embOS.1.3.1
2025-05-14 19:37:06,955 [WARN] PackLoader:240 - Cannot read IP mode file for STMicroelectronics.X-CUBE-ALGOBUILD.1.4.0
2025-05-14 19:37:06,968 [WARN] PackLoader:240 - Cannot read IP mode file for STMicroelectronics.X-CUBE-AZRTOS-F4.1.1.0
2025-05-14 19:37:06,973 [WARN] PackLoader:240 - Cannot read IP mode file for Avnet-IotConnect.X-CUBE-IoTC-DA16k-PMOD.1.0.0
2025-05-14 19:37:06,977 [WARN] PackLoader:240 - Cannot read IP mode file for STMicroelectronics.X-CUBE-ISPU.2.1.0
2025-05-14 19:37:06,992 [WARN] PackLoader:240 - Cannot read IP mode file for STMicroelectronics.X-CUBE-AZRTOS-L5.2.0.0
2025-05-14 19:37:07,008 [WARN] PackLoader:240 - Cannot read IP mode file for STMicroelectronics.X-CUBE-NFC6.3.1.0
2025-05-14 19:37:07,020 [WARN] PackLoader:240 - Cannot read IP mode file for STMicroelectronics.X-CUBE-DPower.1.2.0
2025-05-14 19:37:07,031 [WARN] PackLoader:240 - Cannot read IP mode file for STMicroelectronics.X-CUBE-FREERTOS.1.3.1
2025-05-14 19:37:07,041 [WARN] PackLoader:240 - Cannot read IP mode file for STMicroelectronics.X-CUBE-FREERTOS.1.3.0
2025-05-14 19:37:07,052 [WARN] PackLoader:240 - Cannot read IP mode file for STMicroelectronics.X-CUBE-NFC7.1.0.1
2025-05-14 19:37:07,067 [WARN] PackLoader:240 - Cannot read IP mode file for STMicroelectronics.X-CUBE-DPower.1.3.0
2025-05-14 19:37:07,097 [WARN] ConditionMgr:438 - getConditionDescription Invalid condition id : LAN8742 Phy interface Condition cause : null
2025-05-14 19:37:07,097 [WARN] PackLoader:240 - Cannot read IP mode file for STMicroelectronics.X-CUBE-AZRTOS-L4.2.0.0
2025-05-14 19:37:07,099 [WARN] ConditionMgr:1044 - genDependencies : Invalid condition id : LAN8742 Phy interface Condition cause : null
2025-05-14 19:37:07,100 [WARN] ConditionMgr:1044 - genDependencies : Invalid condition id : LAN8742 Phy interface Condition cause : null
2025-05-14 19:37:07,101 [WARN] ConditionMgr:1044 - genDependencies : Invalid condition id : LAN8742 Phy interface Condition cause : null
2025-05-14 19:37:07,115 [WARN] PackLoader:240 - Cannot read IP mode file for STMicroelectronics.X-CUBE-SFXS2LP1.4.0.0
2025-05-14 19:37:07,158 [WARN] PackLoader:240 - Cannot read IP mode file for STMicroelectronics.X-CUBE-AZRTOS-H7.3.3.0
2025-05-14 19:37:07,181 [WARN] ConditionMgr:438 - getConditionDescription Invalid condition id : UX DEVICE CLASS RTOS Condition cause : null
2025-05-14 19:37:07,181 [WARN] ConditionMgr:438 - getConditionDescription Invalid condition id : UX DEVICE CLASS RTOS Condition cause : null
2025-05-14 19:37:07,183 [WARN] PackLoader:240 - Cannot read IP mode file for STMicroelectronics.X-CUBE-AZRTOS-WB.2.0.0
2025-05-14 19:37:07,184 [WARN] ConditionMgr:1044 - genDependencies : Invalid condition id : UX DEVICE CLASS RTOS Condition cause : null
2025-05-14 19:37:07,184 [WARN] ConditionMgr:1044 - genDependencies : Invalid condition id : UX DEVICE CLASS RTOS Condition cause : null
2025-05-14 19:37:07,185 [WARN] ConditionMgr:1044 - genDependencies : Invalid condition id : UX DEVICE CLASS RTOS Condition cause : null
2025-05-14 19:37:07,186 [WARN] ConditionMgr:1044 - genDependencies : Invalid condition id : UX DEVICE CLASS RTOS Condition cause : null
2025-05-14 19:37:07,186 [WARN] ConditionMgr:1044 - genDependencies : Invalid condition id : UX DEVICE CLASS RTOS Condition cause : null
2025-05-14 19:37:07,204 [WARN] PackLoader:240 - Cannot read IP mode file for STMicroelectronics.X-CUBE-GNSS1.7.0.1
2025-05-14 19:37:07,227 [WARN] PackLoader:240 - Cannot read IP mode file for STMicroelectronics.X-CUBE-TOUCHGFX.4.25.0
2025-05-14 19:37:07,234 [INFO] WebApp:463 - Apply proxy settings
2025-05-14 19:37:07,236 [INFO] WebApp:548 - Chromium requires no authentication
2025-05-14 19:37:07,243 [WARN] PackLoader:240 - Cannot read IP mode file for STMicroelectronics.FP-SNS-STBOX1.2.0.0
2025-05-14 19:37:07,259 [WARN] PackLoader:240 - Cannot read IP mode file for STMicroelectronics.X-CUBE-SUBG2.5.0.0
2025-05-14 19:37:07,267 [INFO] WebApp:491 - Direct internet connection detected
2025-05-14 19:37:07,290 [WARN] PackLoader:240 - Cannot read IP mode file for STMicroelectronics.X-CUBE-AZRTOS-H7RS.1.1.0
2025-05-14 19:37:07,309 [WARN] PackLoader:240 - Cannot read IP mode file for Cesanta.I-CUBE-Mongoose.7.13.0
2025-05-14 19:37:07,332 [WARN] PackLoader:240 - Cannot read IP mode file for STMicroelectronics.X-CUBE-AZRTOS-G4.2.0.0
2025-05-14 19:37:07,344 [WARN] PackLoader:240 - Cannot read IP mode file for STMicroelectronics.X-CUBE-NFC7.2.0.0
2025-05-14 19:37:07,360 [WARN] PackLoader:240 - Cannot read IP mode file for STMicroelectronics.X-CUBE-IPS.3.1.0
2025-05-14 19:37:07,367 [INFO] WebApp:894 - Register for checkConnection events
2025-05-14 19:37:07,368 [INFO] WebApp:463 - Apply proxy settings
2025-05-14 19:37:07,368 [INFO] WebApp:548 - Chromium requires no authentication
2025-05-14 19:37:07,369 [INFO] WebApp:491 - Direct internet connection detected
2025-05-14 19:37:07,374 [WARN] PackLoader:240 - Cannot read IP mode file for STMicroelectronics.X-CUBE-ALS.1.0.2
2025-05-14 19:37:07,381 [WARN] PackLoader:240 - Cannot read IP mode file for STMicroelectronics.X-CUBE-TOUCHGFX.4.24.2
2025-05-14 19:37:07,390 [WARN] PackLoader:240 - Cannot read IP mode file for wolfSSL.I-CUBE-wolfTPM.3.4.0
2025-05-14 19:37:07,406 [WARN] PackLoader:240 - Cannot read IP mode file for portGmbH.I-Cube-SoM-uGOAL.1.1.0
2025-05-14 19:37:07,425 [WARN] PackLoader:240 - Cannot read IP mode file for STMicroelectronics.X-CUBE-AZRTOS-H7RS.1.0.0
2025-05-14 19:37:07,448 [WARN] PackLoader:240 - Cannot read IP mode file for STMicroelectronics.X-CUBE-TOF1.3.4.2
2025-05-14 19:37:07,474 [WARN] PackLoader:240 - Cannot read IP mode file for STMicroelectronics.X-CUBE-TOF1.3.4.3
2025-05-14 19:37:07,488 [WARN] PackLoader:240 - Cannot read IP mode file for wolfSSL.I-CUBE-wolfSSH.1.4.17
2025-05-14 19:37:07,489 [INFO] ThirdParty:978 - Integrity check success = true
2025-05-14 19:37:07,490 [INFO] IntegrityCheckThread:100 - exiting critical section [integrity check]
2025-05-14 19:37:07,490 [INFO] IntegrityCheckThread:103 - End integrity checks thread
2025-05-14 19:37:07,630 [INFO] WebApp:191 - Connection restablished
2025-05-14 19:37:07,791 [INFO] WebApp:225 - Starting web application
2025-05-14 19:37:07,791 [INFO] WebApp:593 - Web application path used F:\STM32CubeIDE\STM32CubeIDE_1.16.1\STM32CubeIDE\plugins\com.st.stm32cube.common.mx_6.14.1.202504091515\db\plugins\mcufinder\reactClient1\index.html
2025-05-14 19:37:07,943 [INFO] UserAuth:484 - Internet connection configuration mode: 1
2025-05-14 19:38:09,564 [INFO] WebApp:194 - Connection lost
2025-05-14 19:38:09,924 [INFO] WebApp:191 - Connection restablished
2025-05-14 19:38:14,862 [INFO] WebApp:194 - Connection lost
2025-05-14 19:38:15,022 [INFO] WebApp:191 - Connection restablished
